2024-11-19 07:20:33,813 [INFO] Activator:177 - 


2024-11-19 07:20:33,814 [INFO] Activator:178 - !SESSION log4j initialized
2024-11-19 07:21:10,282 [INFO] Activator:177 - 


2024-11-19 07:21:10,283 [INFO] Activator:178 - !SESSION log4j initialized
2024-11-22 19:50:30,436 [INFO] Activator:177 - 


2024-11-22 19:50:30,439 [INFO] Activator:178 - !SESSION log4j initialized
2024-11-22 19:54:37,242 [INFO] McuFinderGlobals:39 - Set McuFinder mode to 2 (CubeIDE integrated)
2024-11-22 19:54:37,625 [INFO] ApplicationProperties:181 - Using Application install path: C:\ST\STM32CubeIDE_1.7.0\STM32CubeIDE\plugins\com.st.stm32cube.common.mx_6.3.0.202107141111
2024-11-22 19:54:37,635 [INFO] DbMcusXml:74 - Set database path to: C:\ST\STM32CubeIDE_1.7.0\STM32CubeIDE\plugins\com.st.stm32cube.common.mx_6.3.0.202107141111\\db\/mcu/
2024-11-22 19:54:37,638 [INFO] DbBoardsPdsc:56 - Set plugin database path to: C:\ST\STM32CubeIDE_1.7.0\STM32CubeIDE\plugins\com.st.stm32cube.common.mx_6.3.0.202107141111\\db\/plugins/boardmanager/
2024-11-22 19:54:37,638 [INFO] DbMcus:258 - Set plugin images path to: C:\ST\STM32CubeIDE_1.7.0\STM32CubeIDE\plugins\com.st.stm32cube.common.mx_6.3.0.202107141111\\db\/plugins/mcufinder/images/
2024-11-22 19:54:37,638 [INFO] DbBoards:264 - Set plugin images path to: C:\ST\STM32CubeIDE_1.7.0\STM32CubeIDE\plugins\com.st.stm32cube.common.mx_6.3.0.202107141111\\db\/plugins/mcufinder/images/
2024-11-22 19:54:37,639 [INFO] DbExamples:333 - Set plugin images path to: C:\ST\STM32CubeIDE_1.7.0\STM32CubeIDE\plugins\com.st.stm32cube.common.mx_6.3.0.202107141111\\db\/plugins/mcufinder/images/
2024-11-22 19:54:37,646 [INFO] DbMcusAds:119 - Set database path to: C:\Users\PC\.stmcufinder\plugins\mcufinder//mcu/
2024-11-22 19:54:37,646 [INFO] DbMcusDocs:110 - Set database path to: C:\Users\PC\.stmcufinder\plugins\mcufinder//mcu/
2024-11-22 19:54:37,647 [INFO] DbMcusJson:64 - Set database path to: C:\Users\PC\.stmcufinder\plugins\mcufinder//mcu/
2024-11-22 19:54:37,648 [INFO] DbBoardsDocs:110 - Set database path to: C:\Users\PC\.stmcufinder\plugins\mcufinder//mcu/
2024-11-22 19:54:37,649 [INFO] DbBoardsJson:57 - Set database path to: C:\Users\PC\.stmcufinder\plugins\mcufinder//mcu/
2024-11-22 19:54:37,656 [INFO] CrossReferenceDbSqlite:196 - Set database path to: C:\Users\PC\.stmcufinder\plugins\mcufinder//mcu/cs/
2024-11-22 19:54:37,658 [INFO] DbExamplesSqlite:767 - Set database path to: C:\Users\PC\.stmcufinder\plugins\mcufinder//mcu/
2024-11-22 19:54:37,717 [INFO] RulesReader:57 - Compatibility file has been processed (242 Rules)
2024-11-22 19:54:37,768 [INFO] DbMcusXml:74 - Set database path to: C:\ST\STM32CubeIDE_1.7.0\STM32CubeIDE\plugins\com.st.stm32cube.common.mx_6.3.0.202107141111\\db\/mcu/
2024-11-22 19:54:37,768 [INFO] DbBoardsPdsc:56 - Set plugin database path to: C:\ST\STM32CubeIDE_1.7.0\STM32CubeIDE\plugins\com.st.stm32cube.common.mx_6.3.0.202107141111\\db\/plugins/boardmanager/
2024-11-22 19:54:37,768 [INFO] DbMcus:258 - Set plugin images path to: C:\ST\STM32CubeIDE_1.7.0\STM32CubeIDE\plugins\com.st.stm32cube.common.mx_6.3.0.202107141111\\db\/plugins/mcufinder/images/
2024-11-22 19:54:37,768 [INFO] DbBoards:264 - Set plugin images path to: C:\ST\STM32CubeIDE_1.7.0\STM32CubeIDE\plugins\com.st.stm32cube.common.mx_6.3.0.202107141111\\db\/plugins/mcufinder/images/
2024-11-22 19:54:37,769 [INFO] DbExamples:333 - Set plugin images path to: C:\ST\STM32CubeIDE_1.7.0\STM32CubeIDE\plugins\com.st.stm32cube.common.mx_6.3.0.202107141111\\db\/plugins/mcufinder/images/
2024-11-22 19:54:37,769 [WARN] DbFile:35 - Overriding database path with different value: C:\Users\PC\.stmcufinder\plugins\mcufinder/ => C:\Users\PC\.stmcufinder\plugins\mcufinder
2024-11-22 19:54:37,769 [INFO] DbMcusAds:119 - Set database path to: C:\Users\PC\.stmcufinder\plugins\mcufinder//mcu/
2024-11-22 19:54:37,769 [WARN] DbFile:35 - Overriding database path with different value: C:\Users\PC\.stmcufinder\plugins\mcufinder/ => C:\Users\PC\.stmcufinder\plugins\mcufinder
2024-11-22 19:54:37,769 [INFO] DbMcusDocs:110 - Set database path to: C:\Users\PC\.stmcufinder\plugins\mcufinder//mcu/
2024-11-22 19:54:37,769 [WARN] DbFile:35 - Overriding database path with different value: C:\Users\PC\.stmcufinder\plugins\mcufinder/ => C:\Users\PC\.stmcufinder\plugins\mcufinder
2024-11-22 19:54:37,769 [INFO] DbMcusJson:64 - Set database path to: C:\Users\PC\.stmcufinder\plugins\mcufinder//mcu/
2024-11-22 19:54:37,769 [WARN] DbFile:35 - Overriding database path with different value: C:\Users\PC\.stmcufinder\plugins\mcufinder/ => C:\Users\PC\.stmcufinder\plugins\mcufinder
2024-11-22 19:54:37,769 [INFO] DbBoardsDocs:110 - Set database path to: C:\Users\PC\.stmcufinder\plugins\mcufinder//mcu/
2024-11-22 19:54:37,769 [WARN] DbFile:35 - Overriding database path with different value: C:\Users\PC\.stmcufinder\plugins\mcufinder/ => C:\Users\PC\.stmcufinder\plugins\mcufinder
2024-11-22 19:54:37,769 [INFO] DbBoardsJson:57 - Set database path to: C:\Users\PC\.stmcufinder\plugins\mcufinder//mcu/
2024-11-22 19:54:37,769 [WARN] DbFile:35 - Overriding database path with different value: C:\Users\PC\.stmcufinder\plugins\mcufinder/ => C:\Users\PC\.stmcufinder\plugins\mcufinder
2024-11-22 19:54:37,769 [WARN] DbFile:35 - Overriding database path with different value: C:\Users\PC\.stmcufinder\plugins\mcufinder/ => C:\Users\PC\.stmcufinder\plugins\mcufinder
2024-11-22 19:54:37,769 [INFO] CrossReferenceDbSqlite:196 - Set database path to: C:\Users\PC\.stmcufinder\plugins\mcufinder//mcu/cs/
2024-11-22 19:54:37,769 [WARN] DbFile:35 - Overriding database path with different value: C:\Users\PC\.stmcufinder\plugins\mcufinder/ => C:\Users\PC\.stmcufinder\plugins\mcufinder
2024-11-22 19:54:37,770 [INFO] DbExamplesSqlite:767 - Set database path to: C:\Users\PC\.stmcufinder\plugins\mcufinder//mcu/
2024-11-22 19:54:37,818 [INFO] MainPanel:214 - HeapMemory: 840957952
2024-11-22 19:54:37,881 [INFO] DbMcusXml:74 - Set database path to: C:\ST\STM32CubeIDE_1.7.0\STM32CubeIDE\plugins\com.st.stm32cube.common.mx_6.3.0.202107141111\\db\/mcu/
2024-11-22 19:54:37,881 [INFO] DbBoardsPdsc:56 - Set plugin database path to: C:\ST\STM32CubeIDE_1.7.0\STM32CubeIDE\plugins\com.st.stm32cube.common.mx_6.3.0.202107141111\\db\/plugins/boardmanager/
2024-11-22 19:54:37,881 [INFO] DbMcus:258 - Set plugin images path to: C:\ST\STM32CubeIDE_1.7.0\STM32CubeIDE\plugins\com.st.stm32cube.common.mx_6.3.0.202107141111\\db\/plugins/mcufinder/images/
2024-11-22 19:54:37,881 [INFO] DbBoards:264 - Set plugin images path to: C:\ST\STM32CubeIDE_1.7.0\STM32CubeIDE\plugins\com.st.stm32cube.common.mx_6.3.0.202107141111\\db\/plugins/mcufinder/images/
2024-11-22 19:54:37,882 [INFO] DbExamples:333 - Set plugin images path to: C:\ST\STM32CubeIDE_1.7.0\STM32CubeIDE\plugins\com.st.stm32cube.common.mx_6.3.0.202107141111\\db\/plugins/mcufinder/images/
2024-11-22 19:54:37,882 [WARN] DbFile:35 - Overriding database path with different value: C:\Users\PC\.stmcufinder\plugins\mcufinder/ => C:\Users\PC\.stmcufinder\plugins\mcufinder
2024-11-22 19:54:37,882 [INFO] DbMcusAds:119 - Set database path to: C:\Users\PC\.stmcufinder\plugins\mcufinder//mcu/
2024-11-22 19:54:37,882 [WARN] DbFile:35 - Overriding database path with different value: C:\Users\PC\.stmcufinder\plugins\mcufinder/ => C:\Users\PC\.stmcufinder\plugins\mcufinder
2024-11-22 19:54:37,882 [INFO] DbMcusDocs:110 - Set database path to: C:\Users\PC\.stmcufinder\plugins\mcufinder//mcu/
2024-11-22 19:54:37,882 [WARN] DbFile:35 - Overriding database path with different value: C:\Users\PC\.stmcufinder\plugins\mcufinder/ => C:\Users\PC\.stmcufinder\plugins\mcufinder
2024-11-22 19:54:37,882 [INFO] DbMcusJson:64 - Set database path to: C:\Users\PC\.stmcufinder\plugins\mcufinder//mcu/
2024-11-22 19:54:37,882 [WARN] DbFile:35 - Overriding database path with different value: C:\Users\PC\.stmcufinder\plugins\mcufinder/ => C:\Users\PC\.stmcufinder\plugins\mcufinder
2024-11-22 19:54:37,882 [INFO] DbBoardsDocs:110 - Set database path to: C:\Users\PC\.stmcufinder\plugins\mcufinder//mcu/
2024-11-22 19:54:37,882 [WARN] DbFile:35 - Overriding database path with different value: C:\Users\PC\.stmcufinder\plugins\mcufinder/ => C:\Users\PC\.stmcufinder\plugins\mcufinder
2024-11-22 19:54:37,882 [INFO] DbBoardsJson:57 - Set database path to: C:\Users\PC\.stmcufinder\plugins\mcufinder//mcu/
2024-11-22 19:54:37,882 [WARN] DbFile:35 - Overriding database path with different value: C:\Users\PC\.stmcufinder\plugins\mcufinder/ => C:\Users\PC\.stmcufinder\plugins\mcufinder
2024-11-22 19:54:37,882 [WARN] DbFile:35 - Overriding database path with different value: C:\Users\PC\.stmcufinder\plugins\mcufinder/ => C:\Users\PC\.stmcufinder\plugins\mcufinder
2024-11-22 19:54:37,882 [INFO] CrossReferenceDbSqlite:196 - Set database path to: C:\Users\PC\.stmcufinder\plugins\mcufinder//mcu/cs/
2024-11-22 19:54:37,882 [WARN] DbFile:35 - Overriding database path with different value: C:\Users\PC\.stmcufinder\plugins\mcufinder/ => C:\Users\PC\.stmcufinder\plugins\mcufinder
2024-11-22 19:54:37,882 [INFO] DbExamplesSqlite:767 - Set database path to: C:\Users\PC\.stmcufinder\plugins\mcufinder//mcu/
2024-11-22 19:54:37,894 [INFO] ApplicationProperties:181 - Using Application install path: C:\ST\STM32CubeIDE_1.7.0\STM32CubeIDE\plugins\com.st.stm32cube.common.mx_6.3.0.202107141111
2024-11-22 19:54:37,895 [INFO] PluginManage:188 - Search for loadable plugins [exclusion list=, ]
2024-11-22 19:54:37,896 [INFO] PluginManage:302 - Check plugin analytics
2024-11-22 19:54:42,926 [INFO] AnalyticsPlugin:257 - Accepted Software Licenses: 
2024-11-22 19:54:42,926 [INFO] AnalyticsPlugin:259 - Accepted CMSIS Pack Licenses: 
2024-11-22 19:54:42,926 [INFO] AnalyticsPlugin:261 - Accepted Firmware Licenses: 
2024-11-22 19:54:42,926 [INFO] PluginManage:352 - Loaded plugin analytics (category:tool,tabindex:-1)
2024-11-22 19:54:42,926 [INFO] PluginManage:302 - Check plugin clock
2024-11-22 19:54:42,943 [INFO] PluginManage:352 - Loaded plugin clock (category:base,tabindex:2)
2024-11-22 19:54:42,943 [INFO] PluginManage:302 - Check plugin ddr
2024-11-22 19:54:42,944 [INFO] PluginManage:352 - Loaded plugin ddr (category:tool,tabindex:6)
2024-11-22 19:54:42,944 [INFO] PluginManage:302 - Check plugin filemanager
2024-11-22 19:54:43,036 [INFO] PluginManage:352 - Loaded plugin filemanager (category:base,tabindex:10)
2024-11-22 19:54:43,036 [INFO] PluginManage:302 - Check plugin ipmanager
2024-11-22 19:54:43,041 [INFO] PluginManage:352 - Loaded plugin ipmanager (category:base,tabindex:5)
2024-11-22 19:54:43,041 [INFO] PluginManage:302 - Check plugin pinoutandconfiguration
2024-11-22 19:54:43,053 [INFO] PluginManage:352 - Loaded plugin pinoutandconfiguration (category:base,tabindex:1)
2024-11-22 19:54:43,053 [INFO] PluginManage:302 - Check plugin pinoutconfig
2024-11-22 19:54:43,077 [INFO] PluginManage:352 - Loaded plugin pinoutconfig (category:base,tabindex:0)
2024-11-22 19:54:43,078 [INFO] PluginManage:302 - Check plugin power
2024-11-22 19:54:43,092 [INFO] PluginManage:352 - Loaded plugin power (category:power,tabindex:4)
2024-11-22 19:54:43,093 [INFO] PluginManage:302 - Check plugin projectmanager
2024-11-22 19:54:43,101 [INFO] PluginManage:352 - Loaded plugin projectmanager (category:projectmanager,tabindex:3)
2024-11-22 19:54:43,101 [INFO] PluginManage:302 - Check plugin thirdparty
2024-11-22 19:54:43,253 [INFO] PluginManage:352 - Loaded plugin thirdparty (category:base,tabindex:-1)
2024-11-22 19:54:43,253 [WARN] IntegrityCheckThread:78 - waiting for thirdparty lock release [integrity check]
2024-11-22 19:54:43,253 [INFO] PluginManage:302 - Check plugin tools
2024-11-22 19:54:43,254 [INFO] IntegrityCheckThread:80 - entering critical section [integrity check]
2024-11-22 19:54:43,254 [INFO] ThirdPartyUpdaterWithRetryManager:66 - Updater plugin not ready yet. [1/15]
2024-11-22 19:54:43,296 [INFO] PluginManage:352 - Loaded plugin tools (category:base,tabindex:7)
2024-11-22 19:54:43,297 [INFO] PluginManage:302 - Check plugin tutovideos
2024-11-22 19:54:43,443 [INFO] PluginManage:352 - Loaded plugin tutovideos (category:base,tabindex:-1)
2024-11-22 19:54:43,443 [INFO] PluginManage:302 - Check plugin updater
2024-11-22 19:54:43,452 [INFO] PluginManage:352 - Loaded plugin updater (category:base,tabindex:12)
2024-11-22 19:54:43,452 [INFO] PluginManage:275 - PluginManage : Loaded plugins [13]
2024-11-22 19:54:43,562 [INFO] PinOutPanel:1463 - setPackage(No Configuration,No Configuration)
2024-11-22 19:54:43,625 [INFO] IPUIPlugin:74 - create IPUIPlugin
2024-11-22 19:54:43,626 [INFO] PluginManager:213 - loadIPPluginJar : add adc
2024-11-22 19:54:43,656 [INFO] IPUIPlugin:74 - create IPUIPlugin
2024-11-22 19:54:43,656 [INFO] PluginManager:213 - loadIPPluginJar : add aes
2024-11-22 19:54:43,692 [INFO] IPUIPlugin:74 - create IPUIPlugin
2024-11-22 19:54:43,692 [INFO] PluginManager:213 - loadIPPluginJar : add can
2024-11-22 19:54:43,717 [INFO] IPUIPlugin:74 - create IPUIPlugin
2024-11-22 19:54:43,718 [INFO] PluginManager:213 - loadIPPluginJar : add comp
2024-11-22 19:54:43,743 [INFO] IPUIPlugin:74 - create IPUIPlugin
2024-11-22 19:54:43,744 [INFO] PluginManager:213 - loadIPPluginJar : add cryp
2024-11-22 19:54:43,773 [INFO] IPUIPlugin:74 - create IPUIPlugin
2024-11-22 19:54:43,773 [INFO] PluginManager:213 - loadIPPluginJar : add dfsdm
2024-11-22 19:54:43,782 [INFO] IPUIPlugin:74 - create IPUIPlugin
2024-11-22 19:54:43,782 [INFO] PluginManager:213 - loadIPPluginJar : add dma
2024-11-22 19:54:43,820 [INFO] IPUIPlugin:74 - create IPUIPlugin
2024-11-22 19:54:43,820 [INFO] PluginManager:213 - loadIPPluginJar : add dma3
2024-11-22 19:54:43,842 [INFO] IPUIPlugin:74 - create IPUIPlugin
2024-11-22 19:54:43,842 [INFO] PluginManager:213 - loadIPPluginJar : add fatfs
2024-11-22 19:54:43,882 [INFO] IPUIPlugin:74 - create IPUIPlugin
2024-11-22 19:54:43,882 [INFO] PluginManager:213 - loadIPPluginJar : add fmc
2024-11-22 19:54:43,893 [INFO] IPUIPlugin:74 - create IPUIPlugin
2024-11-22 19:54:43,893 [INFO] PluginManager:213 - loadIPPluginJar : add freertos
2024-11-22 19:54:43,915 [INFO] IPUIPlugin:74 - create IPUIPlugin
2024-11-22 19:54:43,915 [INFO] PluginManager:213 - loadIPPluginJar : add genericplugin
2024-11-22 19:54:43,982 [INFO] IPUIPlugin:74 - create IPUIPlugin
2024-11-22 19:54:43,984 [INFO] PluginManager:213 - loadIPPluginJar : add gfxmmu
2024-11-22 19:54:44,076 [INFO] IPUIPlugin:74 - create IPUIPlugin
2024-11-22 19:54:44,076 [INFO] PluginManager:213 - loadIPPluginJar : add gic
2024-11-22 19:54:44,085 [INFO] IPUIPlugin:74 - create IPUIPlugin
2024-11-22 19:54:44,085 [INFO] PluginManager:213 - loadIPPluginJar : add gpio
2024-11-22 19:54:44,140 [INFO] IPUIPlugin:74 - create IPUIPlugin
2024-11-22 19:54:44,140 [INFO] PluginManager:213 - loadIPPluginJar : add gtzc
2024-11-22 19:54:44,167 [INFO] IPUIPlugin:74 - create IPUIPlugin
2024-11-22 19:54:44,167 [INFO] PluginManager:213 - loadIPPluginJar : add hash
2024-11-22 19:54:44,207 [INFO] IPUIPlugin:74 - create IPUIPlugin
2024-11-22 19:54:44,207 [INFO] PluginManager:213 - loadIPPluginJar : add i2c
2024-11-22 19:54:44,240 [INFO] IPUIPlugin:74 - create IPUIPlugin
2024-11-22 19:54:44,240 [INFO] PluginManager:213 - loadIPPluginJar : add i2s
2024-11-22 19:54:44,249 [INFO] IPUIPlugin:74 - create IPUIPlugin
2024-11-22 19:54:44,249 [INFO] PluginManager:213 - loadIPPluginJar : add ipddr
2024-11-22 19:54:44,316 [INFO] IPUIPlugin:74 - create IPUIPlugin
2024-11-22 19:54:44,316 [INFO] PluginManager:213 - loadIPPluginJar : add linkedlist
2024-11-22 19:54:44,346 [INFO] IPUIPlugin:74 - create IPUIPlugin
2024-11-22 19:54:44,346 [INFO] PluginManager:213 - loadIPPluginJar : add lorawan
2024-11-22 19:54:44,377 [INFO] IPUIPlugin:74 - create IPUIPlugin
2024-11-22 19:54:44,377 [INFO] PluginManager:213 - loadIPPluginJar : add ltdc
2024-11-22 19:54:44,385 [INFO] IPUIPlugin:74 - create IPUIPlugin
2024-11-22 19:54:44,386 [INFO] PluginManager:213 - loadIPPluginJar : add mdma
2024-11-22 19:54:44,395 [INFO] IPUIPlugin:74 - create IPUIPlugin
2024-11-22 19:54:44,395 [INFO] PluginManager:213 - loadIPPluginJar : add nvic
2024-11-22 19:54:44,426 [INFO] IPUIPlugin:74 - create IPUIPlugin
2024-11-22 19:54:44,427 [INFO] PluginManager:213 - loadIPPluginJar : add opamp
2024-11-22 19:54:44,474 [INFO] IPUIPlugin:74 - create IPUIPlugin
2024-11-22 19:54:44,475 [INFO] PluginManager:213 - loadIPPluginJar : add openamp
2024-11-22 19:54:44,509 [INFO] IPUIPlugin:74 - create IPUIPlugin
2024-11-22 19:54:44,509 [INFO] PluginManager:213 - loadIPPluginJar : add pdm2pcm
2024-11-22 19:54:44,521 [INFO] IPUIPlugin:74 - create IPUIPlugin
2024-11-22 19:54:44,522 [INFO] PluginManager:213 - loadIPPluginJar : add plateformsettings
2024-11-22 19:54:44,545 [INFO] IPUIPlugin:74 - create IPUIPlugin
2024-11-22 19:54:44,546 [INFO] PluginManager:213 - loadIPPluginJar : add quadspi
2024-11-22 19:54:44,555 [INFO] IPUIPlugin:74 - create IPUIPlugin
2024-11-22 19:54:44,555 [INFO] PluginManager:213 - loadIPPluginJar : add resmgrutility
2024-11-22 19:54:44,596 [INFO] IPUIPlugin:74 - create IPUIPlugin
2024-11-22 19:54:44,596 [INFO] PluginManager:213 - loadIPPluginJar : add sai
2024-11-22 19:54:44,627 [INFO] IPUIPlugin:74 - create IPUIPlugin
2024-11-22 19:54:44,627 [INFO] PluginManager:213 - loadIPPluginJar : add spi
2024-11-22 19:54:44,672 [INFO] IPUIPlugin:74 - create IPUIPlugin
2024-11-22 19:54:44,672 [INFO] PluginManager:213 - loadIPPluginJar : add stm32_wpan
2024-11-22 19:54:44,708 [INFO] IPUIPlugin:74 - create IPUIPlugin
2024-11-22 19:54:44,708 [INFO] PluginManager:213 - loadIPPluginJar : add tim
2024-11-22 19:54:44,758 [INFO] IPUIPlugin:74 - create IPUIPlugin
2024-11-22 19:54:44,758 [INFO] PluginManager:213 - loadIPPluginJar : add touchsensing
2024-11-22 19:54:44,787 [INFO] IPUIPlugin:74 - create IPUIPlugin
2024-11-22 19:54:44,787 [INFO] PluginManager:213 - loadIPPluginJar : add tracer_emb
2024-11-22 19:54:44,813 [INFO] IPUIPlugin:74 - create IPUIPlugin
2024-11-22 19:54:44,813 [INFO] PluginManager:213 - loadIPPluginJar : add ts
2024-11-22 19:54:44,839 [INFO] IPUIPlugin:74 - create IPUIPlugin
2024-11-22 19:54:44,839 [INFO] PluginManager:213 - loadIPPluginJar : add tsc
2024-11-22 19:54:44,867 [INFO] IPUIPlugin:74 - create IPUIPlugin
2024-11-22 19:54:44,867 [INFO] PluginManager:213 - loadIPPluginJar : add ucpd
2024-11-22 19:54:44,922 [INFO] IPUIPlugin:74 - create IPUIPlugin
2024-11-22 19:54:44,922 [INFO] PluginManager:213 - loadIPPluginJar : add usart
2024-11-22 19:54:44,974 [INFO] IPUIPlugin:74 - create IPUIPlugin
2024-11-22 19:54:44,974 [INFO] PluginManager:213 - loadIPPluginJar : add usbx
2024-11-22 19:54:45,198 [FATAL] Updater:294 - Updater called before beeing initialized
2024-11-22 19:54:45,276 [FATAL] Updater:294 - Updater called before beeing initialized
2024-11-22 19:54:45,295 [INFO] DbMcusAds:47 - JSON generation date=Fri Sep 20 20:04:38 ICT 2024 (1726837478367)
2024-11-22 19:54:45,295 [FATAL] Updater:294 - Updater called before beeing initialized
2024-11-22 19:54:45,323 [WARN] DetailPanel:314 - Failed to get advertising image, set to default
2024-11-22 19:54:45,376 [FATAL] Updater:294 - Updater called before beeing initialized
2024-11-22 19:54:45,378 [FATAL] Updater:294 - Updater called before beeing initialized
2024-11-22 19:54:45,378 [FATAL] Updater:294 - Updater called before beeing initialized
2024-11-22 19:54:45,378 [WARN] DetailPanel:314 - Failed to get advertising image, set to default
2024-11-22 19:54:45,379 [FATAL] Updater:294 - Updater called before beeing initialized
2024-11-22 19:54:45,417 [ERROR] Updater:1075 - MainUpdater not yet initialized. External WinMGr cannot be set.
2024-11-22 19:54:45,424 [INFO] Updater:1012 - Updater Version found : 6.3.0
2024-11-22 19:54:45,441 [INFO] ApplicationProperties:181 - Using Application install path: C:\ST\STM32CubeIDE_1.7.0\STM32CubeIDE\plugins\com.st.stm32cube.common.mx_6.3.0.202107141111
2024-11-22 19:54:45,539 [INFO] MainUpdater:2671 - connection check result : 10
2024-11-22 19:54:45,539 [INFO] MainUpdater:265 - Updater Check For Update Now.
2024-11-22 19:54:45,539 [INFO] MicroXplorer:478 - Change Database Version : DB.6.0.30
2024-11-22 19:54:45,696 [INFO] CheckServerUpdateThread:112 - End of CheckServer Thread
2024-11-22 19:54:45,760 [INFO] MainUpdater:2671 - connection check result : 10
2024-11-22 19:54:45,779 [INFO] McuFinderGlobals:52 - Set McuFinderConnectedMode to true
2024-11-22 19:54:46,007 [INFO] ServerAccessManage:362 - Download File mcusAds.json._tmp_
2024-11-22 19:54:46,112 [INFO] LoadUrlFilesThread:145 - End of LoadUrlFiles Thread
2024-11-22 19:54:46,254 [WARN] MainUpdater:1122 - Updater busy. Cannot search thirdparties
2024-11-22 19:54:46,254 [INFO] ThirdPartyUpdaterWithRetryManager:92 - Updater plugin is busy. [1/15]
2024-11-22 19:54:46,888 [INFO] ServerAccessManage:362 - Download File mcusDocs.json._tmp_
2024-11-22 19:54:47,736 [INFO] LoadUrlFilesThread:145 - End of LoadUrlFiles Thread
2024-11-22 19:54:47,897 [INFO] ServerAccessManage:362 - Download File mcusFeaturesAndDescription.json._tmp_
2024-11-22 19:54:49,254 [WARN] MainUpdater:1122 - Updater busy. Cannot search thirdparties
2024-11-22 19:54:49,254 [INFO] ThirdPartyUpdaterWithRetryManager:92 - Updater plugin is busy. [2/15]
2024-11-22 19:55:27,582 [INFO] Activator:177 - 


2024-11-22 19:55:27,584 [INFO] Activator:178 - !SESSION log4j initialized
2024-11-22 19:56:02,092 [INFO] Activator:177 - 


2024-11-22 19:56:02,092 [INFO] Activator:178 - !SESSION log4j initialized
2024-11-22 20:25:20,368 [INFO] Activator:177 - 


2024-11-22 20:25:20,369 [INFO] Activator:178 - !SESSION log4j initialized
2024-11-23 12:09:25,373 [INFO] Activator:177 - 


2024-11-23 12:09:25,374 [INFO] Activator:178 - !SESSION log4j initialized
